[2023-09-08T02:00:51.305Z] [INFO] Request URL: /loggerTest
[2023-09-08T02:02:01.877Z] [INFO] Request URL: /loggerTest
[2023-09-08T02:02:01.880Z] [DEBUG] Production debug message
[2023-09-08T02:02:01.880Z] [HTTP] Production HTTP message
[2023-09-08T02:02:01.881Z] [INFO] Production info message
[2023-09-08T02:02:01.881Z] [WARNING] Production warning message
[2023-09-08T02:02:01.881Z] [ERROR] Production error message
[2023-09-20T20:07:17.305Z] [INFO] Request URL: /
[2023-09-20T20:07:17.860Z] [INFO] Request URL: /favicon.ico
[2023-09-20T20:07:22.851Z] [INFO] Request URL: /login
[2023-09-20T20:30:13.650Z] [INFO] Request URL: /register
[2023-09-20T20:30:34.197Z] [INFO] Request URL: /login
[2023-09-22T16:38:34.898Z] [INFO] Request URL: /api/products/64f1638f800eba5f54657f82
[2023-09-22T16:48:15.496Z] [INFO] Request URL: /
[2023-09-22T16:48:17.995Z] [INFO] Request URL: /register
[2023-09-22T16:48:38.241Z] [INFO] Request URL: /login
[2023-09-22T16:48:43.110Z] [INFO] Request URL: /
[2023-09-22T17:52:39.635Z] [INFO] Request URL: /
[2023-09-22T17:52:40.198Z] [INFO] Request URL: /favicon.ico
[2023-09-22T17:52:42.702Z] [INFO] Request URL: /login
[2023-09-22T17:52:43.714Z] [INFO] Request URL: /favicon.ico
[2023-09-22T17:52:58.611Z] [INFO] Request URL: /
[2023-09-22T18:14:49.558Z] [INFO] Request URL: /api/products
[2023-09-22T18:20:58.525Z] [INFO] Request URL: /api/sessions/change-role/s%3A5PzF_O70N2TluMCTPzFfinLNQDoRCO_c.%2F0qw14xq3TtrDTeG7Has5C7xuvCh6RwqMl2P%2FZD%2BroE
[2023-09-22T18:21:03.584Z] [INFO] Request URL: /api/sessions/change-role/s%3A5PzF_O70N2TluMCTPzFfinLNQDoRCO_c.%2F0qw14xq3TtrDTeG7Has5C7xuvCh6RwqMl2P%2FZD%2BroE
[2023-09-22T18:22:59.218Z] [INFO] Request URL: /api/sessions/change-role/650dc5650b82309df70641d3
[2023-09-22T18:40:23.133Z] [INFO] Request URL: /
[2023-09-22T18:40:26.174Z] [INFO] Request URL: /
[2023-09-22T18:40:27.976Z] [INFO] Request URL: /
[2023-09-22T18:41:08.315Z] [INFO] Request URL: /favicon.ico
[2023-09-22T18:42:52.912Z] [INFO] Request URL: /
[2023-09-22T18:47:40.910Z] [INFO] Request URL: /login
[2023-09-22T18:47:46.620Z] [INFO] Request URL: /
[2023-09-22T18:49:32.963Z] [INFO] Request URL: /
[2023-09-22T18:49:38.145Z] [INFO] Request URL: /login
[2023-09-22T18:49:39.526Z] [INFO] Request URL: /register
[2023-09-22T18:49:50.423Z] [INFO] Request URL: /login
[2023-09-22T18:49:55.504Z] [INFO] Request URL: /
[2023-09-22T18:55:08.949Z] [INFO] Request URL: /
[2023-09-22T18:55:23.833Z] [INFO] Request URL: /login
[2023-09-22T18:55:45.123Z] [INFO] Request URL: /
[2023-09-22T18:55:45.613Z] [INFO] Request URL: /favicon.ico
[2023-09-22T18:58:51.376Z] [INFO] Request URL: /login
[2023-09-22T18:58:51.716Z] [INFO] Request URL: /favicon.ico
[2023-09-22T18:58:56.155Z] [INFO] Request URL: /
[2023-09-22T22:37:43.391Z] [INFO] Request URL: /login
[2023-09-22T22:38:21.031Z] [INFO] Request URL: /
[2023-09-22T22:38:21.500Z] [INFO] Request URL: /favicon.ico
[2023-09-22T23:03:49.599Z] [INFO] Request URL: /login
[2023-09-22T23:03:49.935Z] [INFO] Request URL: /favicon.ico
[2023-09-22T23:03:54.128Z] [INFO] Request URL: /
[2023-09-22T23:33:49.074Z] [INFO] Request URL: /products
[2023-09-22T23:33:50.716Z] [INFO] Request URL: /products/64f162bc082b727026abdba2/add-to-cart
[2023-09-22T23:41:30.894Z] [INFO] Request URL: /products/64f162bc082b727026abdba2/add-to-cart
[2023-09-22T23:43:18.430Z] [INFO] Request URL: /products/64f162bc082b727026abdba2/add-to-cart
[2023-09-22T23:47:58.815Z] [INFO] Request URL: /products/64f162bc082b727026abdba2/add-to-cart
[2023-09-22T23:47:59.557Z] [INFO] Request URL: /products/64f162bc082b727026abdba2/add-to-cart
[2023-09-22T23:48:18.503Z] [INFO] Request URL: /products/64f1638f800eba5f54657f74/add-to-cart
[2023-09-22T23:48:41.611Z] [INFO] Request URL: /products/64f1638f800eba5f54657f74/add-to-cart
[2023-09-22T23:54:04.108Z] [INFO] Request URL: /products/64f1638f800eba5f54657f74/add-to-cart
[2023-09-22T23:54:17.372Z] [INFO] Request URL: /products/64f1638f800eba5f54657f74/add-to-cart
[2023-09-22T23:54:42.806Z] [INFO] Request URL: /products/64f1638f800eba5f54657f74/add-to-cart
[2023-09-22T23:55:10.758Z] [INFO] Request URL: /products
[2023-09-22T23:55:12.103Z] [INFO] Request URL: /favicon.ico
[2023-09-22T23:56:11.121Z] [INFO] Request URL: /products/64f162bc082b727026abdba2/add-to-cart
[2023-09-26T15:23:27.342Z] [INFO] Request URL: /apidocs
[2023-09-26T15:23:40.623Z] [INFO] Request URL: /
[2023-09-26T15:23:56.061Z] [INFO] Request URL: /
[2023-10-06T23:14:13.223Z] [INFO] Request URL: /
[2023-10-06T23:14:13.768Z] [INFO] Request URL: /favicon.ico
[2023-10-06T23:14:18.794Z] [INFO] Request URL: /products
[2023-10-07T15:57:16.306Z] [INFO] Request URL: /
[2023-10-07T15:57:19.895Z] [INFO] Request URL: /login
[2023-10-07T16:00:57.759Z] [INFO] Request URL: /
[2023-10-07T16:14:04.063Z] [INFO] Request URL: /realtimeproducts
[2023-10-07T16:43:24.076Z] [INFO] Request URL: /api/carts/650e245e41c88c9da1f7b8ba/products/64f1638f800eba5f54657f75
[2023-10-07T17:10:07.683Z] [INFO] Request URL: /api/sessions/recover-password
[2023-10-07T17:12:13.059Z] [INFO] Request URL: /api/sessions/recover-password
[2023-10-07T17:15:44.716Z] [INFO] Request URL: /api/sessions/recover-password/gurbinaia@gmail.com
[2023-10-07T17:23:47.554Z] [INFO] Request URL: /api/sessions/recover-password/gurbinaia@gmail.com
[2023-10-07T17:26:32.113Z] [INFO] Request URL: /api/sessions/recover-password/gurbinaia@gmail.com
[2023-10-07T17:26:45.871Z] [INFO] Request URL: /api/sessions/recover-password/gurbinaia@gmail.com
[2023-10-07T17:32:13.716Z] [INFO] Request URL: /api/sessions/send-recover-mail/gurbinaia@gmail.com
[2023-10-07T17:35:36.188Z] [INFO] Request URL: /api/sessions/send-recover-mail/fesfewfewfew@gmail.com
[2023-10-07T17:38:31.581Z] [INFO] Request URL: /api/sessions/send-recover-mail/fesfewfewfew@gmail.com
[2023-10-07T17:39:31.281Z] [INFO] Request URL: /api/sessions/send-recover-mail/fesfewfewfew@gmail.com
[2023-10-07T17:41:57.560Z] [INFO] Request URL: /api/sessions/send-recover-mail/fesfewfewfew@gmail.com
[2023-10-07T17:44:43.181Z] [INFO] Request URL: /api/sessions/send-recover-mail/fesfewfewfew@gmail.com
[2023-10-07T17:47:52.858Z] [INFO] Request URL: /api/sessions/send-recover-mail/fesfewfewfew@gmail.com
[2023-10-07T17:50:19.554Z] [INFO] Request URL: /api/sessions/send-recover-mail/fesfewfewfew@gmail.com
[2023-10-07T17:53:42.639Z] [INFO] Request URL: /api/sessions/send-recover-mail/fesfewfewfew@gmail.com
[2023-10-07T17:55:19.076Z] [INFO] Request URL: /api/sessions/send-recover-mail/fesfewfewfew@gmail.com
[2023-10-07T17:59:42.503Z] [INFO] Request URL: /api/sessions/send-recover-mail/fesfewfewfew@gmail.com
[2023-10-07T18:04:49.030Z] [INFO] Request URL: /api/sessions/send-recover-mail/gurbinaia@gmail.com
[2023-10-07T18:05:38.826Z] [INFO] Request URL: /api/sessions/send-recover-mail/gurbinaia@gmail.com
[2023-10-07T18:07:40.821Z] [INFO] Request URL: /api/sessions/send-recover-mail/fesfewfewfew@gmail.com
[2023-10-07T18:08:47.049Z] [INFO] Request URL: /api/sessions/send-recover-mail/fesfewfewfew@gmail.com
[2023-10-07T18:13:43.543Z] [INFO] Request URL: /api/sessions/send-recover-mail/fesfewfewfew@gmail.com
[2023-10-07T18:15:05.304Z] [INFO] Request URL: /api/sessions/send-recover-mail/fesfewfewfew@gmail.com
[2023-10-07T18:16:26.199Z] [INFO] Request URL: /api/sessions/send-recover-mail/fesfewfewfew@gmail.com
[2023-10-12T00:44:16.009Z] [INFO] Request URL: /
[2023-10-12T00:44:16.569Z] [INFO] Request URL: /favicon.ico
[2023-10-12T00:44:23.975Z] [INFO] Request URL: /login
[2023-10-12T00:54:06.039Z] [INFO] Request URL: /realtimeproducts
[2023-10-12T00:54:28.732Z] [INFO] Request URL: /
[2023-10-12T00:54:32.461Z] [INFO] Request URL: /register
[2023-10-12T00:54:58.967Z] [INFO] Request URL: /login
[2023-10-12T00:54:59.266Z] [INFO] Request URL: /favicon.ico
[2023-10-12T00:56:16.576Z] [INFO] Request URL: /
[2023-10-12T01:22:53.587Z] [INFO] Request URL: /
[2023-10-12T01:23:04.845Z] [INFO] Request URL: /login
[2023-10-22T16:41:41.966Z] [INFO] Request URL: /
[2023-10-22T16:41:42.514Z] [INFO] Request URL: /favicon.ico
[2023-10-22T16:41:47.199Z] [INFO] Request URL: /login
[2023-10-22T21:57:31.741Z] [INFO] Request URL: /login
[2023-11-01T17:19:18.038Z] [INFO] Request URL: /
[2023-11-01T17:19:20.419Z] [INFO] Request URL: /favicon.ico
[2023-11-01T17:19:26.799Z] [INFO] Request URL: /realtimeproducts
[2023-11-01T21:13:27.900Z] [INFO] Request URL: /editUser
[2023-11-01T21:13:38.924Z] [INFO] Request URL: /editUser
[2023-11-01T21:35:34.601Z] [INFO] Request URL: /editUser
[2023-11-01T21:40:34.809Z] [INFO] Request URL: /editUser
[2023-11-01T21:40:36.949Z] [INFO] Request URL: /editUser
[2023-11-01T21:40:38.845Z] [INFO] Request URL: /favicon.ico
[2023-11-01T21:46:29.226Z] [INFO] Request URL: /editUser
[2023-11-01T21:46:47.383Z] [INFO] Request URL: /
[2023-11-01T21:46:47.977Z] [INFO] Request URL: /favicon.ico
[2023-11-01T22:05:07.411Z] [INFO] Request URL: /login
[2023-11-01T22:07:44.866Z] [INFO] Request URL: /api/users/editRole
[2023-11-01T22:08:00.012Z] [INFO] Request URL: /api/users/deleteInactive
[2023-11-01T22:08:12.113Z] [INFO] Request URL: /api/user/deleteInactive
[2023-11-01T22:18:07.331Z] [INFO] Request URL: /api/user/deleteInactive
[2023-11-01T22:18:46.199Z] [INFO] Request URL: /api/users/deleteInactive
[2023-11-01T22:18:54.140Z] [INFO] Request URL: /api/users/deleteInactive
[2023-11-01T22:19:00.650Z] [INFO] Request URL: /api/users/deleteInactive
[2023-11-01T22:19:32.838Z] [INFO] Request URL: /editUser
[2023-11-01T22:19:46.314Z] [INFO] Request URL: /editUser
[2023-11-01T22:21:01.700Z] [INFO] Request URL: /
[2023-11-01T22:21:03.527Z] [INFO] Request URL: /login
[2023-11-01T22:21:41.262Z] [INFO] Request URL: /
[2023-11-01T22:21:56.508Z] [INFO] Request URL: /editUser
[2023-11-01T22:40:57.519Z] [INFO] Request URL: /editUser
[2023-11-01T22:42:25.647Z] [INFO] Request URL: /editUser
[2023-11-01T22:54:29.580Z] [INFO] Request URL: /editUser
[2023-11-01T22:55:51.811Z] [INFO] Request URL: /editUser
[2023-11-01T23:12:37.978Z] [INFO] Request URL: /editUser
[2023-11-01T23:14:26.522Z] [INFO] Request URL: /editUser
[2023-11-01T23:14:28.961Z] [INFO] Request URL: /favicon.ico
[2023-11-01T23:14:33.876Z] [INFO] Request URL: /editUser
[2023-11-01T23:14:37.753Z] [INFO] Request URL: /editUser
[2023-11-01T23:36:16.258Z] [INFO] Request URL: /editUser
[2023-11-01T23:36:17.531Z] [INFO] Request URL: /favicon.ico
[2023-11-01T23:37:35.168Z] [INFO] Request URL: /editUser
[2023-11-02T00:00:14.576Z] [INFO] Request URL: /editUser
[2023-11-02T00:00:16.079Z] [INFO] Request URL: /favicon.ico
[2023-11-02T00:04:14.324Z] [INFO] Request URL: /editUser
[2023-11-02T00:04:15.455Z] [INFO] Request URL: /favicon.ico
[2023-11-02T00:59:20.093Z] [INFO] Request URL: /editUser
[2023-11-02T00:59:21.218Z] [INFO] Request URL: /favicon.ico
[2023-11-02T01:22:09.221Z] [INFO] Request URL: /editUser
[2023-11-02T01:22:10.349Z] [INFO] Request URL: /favicon.ico
[2023-11-02T01:23:13.050Z] [INFO] Request URL: /editUser
[2023-11-02T01:23:15.384Z] [INFO] Request URL: /favicon.ico
[2023-11-02T01:28:12.407Z] [INFO] Request URL: /editUser
[2023-11-02T01:30:08.780Z] [INFO] Request URL: /editUser
[2023-11-02T01:30:10.245Z] [INFO] Request URL: /favicon.ico
[2023-11-02T01:38:09.151Z] [INFO] Request URL: /editUser
[2023-11-02T01:38:09.603Z] [INFO] Request URL: /favicon.ico
[2023-11-02T01:42:10.758Z] [INFO] Request URL: /editUser
[2023-11-02T01:42:12.943Z] [INFO] Request URL: /favicon.ico
[2023-11-02T01:42:36.333Z] [INFO] Request URL: /editUser
[2023-11-02T01:44:32.216Z] [INFO] Request URL: /editUser
[2023-11-02T01:44:33.382Z] [INFO] Request URL: /favicon.ico
[2023-11-02T01:45:37.233Z] [INFO] Request URL: /editUser
[2023-11-02T01:46:12.274Z] [INFO] Request URL: /editUser
[2023-11-02T01:48:19.521Z] [INFO] Request URL: /editUser
[2023-11-02T01:48:46.059Z] [INFO] Request URL: /editUser
[2023-11-02T01:51:47.831Z] [INFO] Request URL: /editUser
[2023-11-02T02:03:07.226Z] [INFO] Request URL: /editUser
[2023-11-02T02:03:08.326Z] [INFO] Request URL: /favicon.ico
[2023-11-02T02:03:15.915Z] [INFO] Request URL: /editUser
[2023-11-02T02:03:30.980Z] [INFO] Request URL: /editUser
[2023-11-02T02:04:45.436Z] [INFO] Request URL: /editUser
[2023-11-02T02:04:52.791Z] [INFO] Request URL: /editUser
[2023-11-02T02:05:19.023Z] [INFO] Request URL: /editUser
[2023-11-02T02:09:24.950Z] [INFO] Request URL: /editUser
[2023-11-02T02:15:26.805Z] [INFO] Request URL: /editUser
[2023-11-02T02:23:12.795Z] [INFO] Request URL: /editUser
[2023-11-02T02:26:22.483Z] [INFO] Request URL: /editUser
[2023-11-02T02:27:08.129Z] [INFO] Request URL: /editUser
[2023-11-02T02:27:09.377Z] [INFO] Request URL: /favicon.ico
[2023-11-02T02:27:39.425Z] [INFO] Request URL: /editUser
[2023-11-02T02:37:30.352Z] [INFO] Request URL: /editUser
[2023-11-02T03:09:40.350Z] [INFO] Request URL: /editUser
[2023-11-02T03:12:20.444Z] [INFO] Request URL: /editUser
[2023-11-02T03:12:21.697Z] [INFO] Request URL: /favicon.ico
[2023-11-02T03:24:03.963Z] [INFO] Request URL: /editUser
[2023-11-02T03:24:05.212Z] [INFO] Request URL: /favicon.ico
[2023-11-02T03:27:25.066Z] [INFO] Request URL: /editUser
[2023-11-02T03:28:33.030Z] [INFO] Request URL: /editUser
[2023-11-02T03:28:44.005Z] [INFO] Request URL: /editUser
[2023-11-02T03:28:49.480Z] [INFO] Request URL: /editUser
[2023-11-02T03:29:43.765Z] [INFO] Request URL: /editUser
[2023-11-02T03:29:52.403Z] [INFO] Request URL: /editUser
[2023-11-02T03:29:54.697Z] [INFO] Request URL: /editUser
[2023-11-02T03:30:08.556Z] [INFO] Request URL: /editUser
[2023-11-02T03:50:38.798Z] [INFO] Request URL: /editUser
[2023-11-02T03:50:39.930Z] [INFO] Request URL: /favicon.ico
[2023-11-02T03:50:44.251Z] [INFO] Request URL: /editUser
[2023-11-02T03:54:36.677Z] [INFO] Request URL: /editUser
[2023-11-02T03:54:38.073Z] [INFO] Request URL: /favicon.ico
[2023-11-02T03:54:44.647Z] [INFO] Request URL: /editUser
[2023-11-02T03:54:56.090Z] [INFO] Request URL: /editUser
[2023-11-02T03:54:56.628Z] [INFO] Request URL: /favicon.ico
[2023-11-02T03:55:07.012Z] [INFO] Request URL: /editUser
[2023-11-02T03:55:07.554Z] [INFO] Request URL: /favicon.ico
[2023-11-05T05:04:27.900Z] [INFO] Request URL: /
[2023-11-05T05:04:28.447Z] [INFO] Request URL: /favicon.ico
[2023-11-05T05:04:31.656Z] [INFO] Request URL: /login
[2023-11-05T05:04:58.859Z] [INFO] Request URL: /register
[2023-11-05T05:05:14.164Z] [INFO] Request URL: /login
[2023-11-05T05:05:21.640Z] [INFO] Request URL: /
[2023-11-05T05:05:29.111Z] [INFO] Request URL: /realtimeproducts
[2023-11-05T05:05:39.556Z] [INFO] Request URL: /products
[2023-11-05T05:08:47.732Z] [INFO] Request URL: /products/64f162bc082b727026abdba2/add-to-cart
[2023-11-05T05:10:53.391Z] [INFO] Request URL: /products/64f162bc082b727026abdba2/add-to-cart
[2023-11-05T05:16:42.359Z] [INFO] Request URL: /products/64f162bc082b727026abdba2/add-to-cart
[2023-11-05T05:16:50.433Z] [INFO] Request URL: /products
[2023-11-05T05:16:51.696Z] [INFO] Request URL: /favicon.ico
[2023-11-05T05:16:51.922Z] [INFO] Request URL: /products/64f162bc082b727026abdba2/add-to-cart
[2023-11-05T05:17:24.587Z] [INFO] Request URL: /products
[2023-11-05T05:17:29.631Z] [INFO] Request URL: /products/64f162bc082b727026abdba2/add-to-cart
[2023-11-05T05:22:49.318Z] [INFO] Request URL: /realtimeproducts
[2023-11-05T05:23:17.125Z] [INFO] Request URL: /products
[2023-11-05T05:23:22.906Z] [INFO] Request URL: /
[2023-11-05T05:23:25.556Z] [INFO] Request URL: /
[2023-11-05T05:23:27.343Z] [INFO] Request URL: /
[2023-11-05T05:23:55.470Z] [INFO] Request URL: /
[2023-11-05T05:24:38.259Z] [INFO] Request URL: /
[2023-11-05T05:25:33.757Z] [INFO] Request URL: /
[2023-11-05T05:26:01.514Z] [INFO] Request URL: /
[2023-11-05T05:31:36.090Z] [INFO] Request URL: /products
[2023-11-05T05:31:37.194Z] [INFO] Request URL: /favicon.ico
[2023-11-05T05:31:39.713Z] [INFO] Request URL: /products/64f162bc082b727026abdba2/add-to-cart
[2023-11-05T05:36:01.798Z] [INFO] Request URL: /products/64f162bc082b727026abdba2/add-to-cart
[2023-11-05T05:39:27.930Z] [INFO] Request URL: /products/64f162bc082b727026abdba2/add-to-cart
[2023-11-05T05:39:34.990Z] [INFO] Request URL: /products/64f16346f5330f2fb892db86/add-to-cart
[2023-11-05T05:39:51.436Z] [INFO] Request URL: /products/64f1638f800eba5f54657f73/add-to-cart
[2023-11-05T05:39:53.801Z] [INFO] Request URL: /products/64f1638f800eba5f54657f74/add-to-cart
[2023-11-05T05:40:27.092Z] [INFO] Request URL: /products/64f162bc082b727026abdba2/add-to-cart
[2023-11-05T05:41:35.700Z] [INFO] Request URL: /products/64f1638f800eba5f54657f73/add-to-cart
[2023-11-05T05:41:41.780Z] [INFO] Request URL: /products/64f1638f800eba5f54657f74/add-to-cart
[2023-11-05T05:41:44.298Z] [INFO] Request URL: /products/64f1638f800eba5f54657f75/add-to-cart
[2023-11-05T05:48:49.580Z] [INFO] Request URL: /products/64f1638f800eba5f54657f75/add-to-cart
[2023-11-05T05:50:40.287Z] [INFO] Request URL: /products/64f1638f800eba5f54657f77/add-to-cart
[2023-11-05T05:53:08.322Z] [INFO] Request URL: /products/64f1638f800eba5f54657f77/add-to-cart
[2023-11-05T05:53:15.931Z] [INFO] Request URL: /products/64f1638f800eba5f54657f79/add-to-cart
[2023-11-05T05:53:20.421Z] [INFO] Request URL: /products/64f162bc082b727026abdba2/add-to-cart
[2023-11-05T05:53:23.698Z] [INFO] Request URL: /products/64f16346f5330f2fb892db86/add-to-cart
[2023-11-05T05:54:34.114Z] [INFO] Request URL: /products/64f162bc082b727026abdba2/add-to-cart
[2023-11-05T05:54:37.979Z] [INFO] Request URL: /products/64f1638f800eba5f54657f73/add-to-cart
[2023-11-05T05:54:44.131Z] [INFO] Request URL: /products/64f162bc082b727026abdba2/add-to-cart
[2023-11-05T05:55:48.888Z] [INFO] Request URL: /products/64f1638f800eba5f54657f73/add-to-cart
[2023-11-05T05:55:53.648Z] [INFO] Request URL: /products/64f1638f800eba5f54657f74/add-to-cart
[2023-11-05T05:57:01.551Z] [INFO] Request URL: /products/64f1638f800eba5f54657f75/add-to-cart
